[debug] [2021-02-12T17:38:41.842Z] ----------------------------------------------------------------------
[debug] [2021-02-12T17:38:41.847Z] Command:       C:\Program Files\nodejs\node.exe C:\Users\arcae\AppData\Roaming\npm\node_modules\firebase-tools\lib\bin\firebase.js deploy --only functions
[debug] [2021-02-12T17:38:41.848Z] CLI Version:   9.1.0
[debug] [2021-02-12T17:38:41.848Z] Platform:      win32
[debug] [2021-02-12T17:38:41.849Z] Node Version:  v14.7.0
[debug] [2021-02-12T17:38:41.851Z] Time:          Fri Feb 12 2021 13:38:41 GMT-0400 (hora de Venezuela)
[debug] [2021-02-12T17:38:41.851Z] ----------------------------------------------------------------------
[debug] [2021-02-12T17:38:41.852Z] 
[debug] [2021-02-12T17:38:41.866Z] >>> [apiv2][query] GET https://firebase-public.firebaseio.com/cli.json [none]
[debug] [2021-02-12T17:38:41.915Z] > command requires scopes: ["email","openid","https://www.googleapis.com/auth/cloudplatformprojects.readonly","https://www.googleapis.com/auth/firebase","https://www.googleapis.com/auth/cloud-platform"]
[debug] [2021-02-12T17:38:41.915Z] > authorizing via signed-in user
[debug] [2021-02-12T17:38:41.916Z] [iam] checking project dimelo-vip-col for permissions ["cloudfunctions.functions.create","cloudfunctions.functions.delete","cloudfunctions.functions.get","cloudfunctions.functions.list","cloudfunctions.functions.update","cloudfunctions.operations.get","firebase.projects.get"]
[debug] [2021-02-12T17:38:41.918Z] > refreshing access token with scopes: ["email","https://www.googleapis.com/auth/cloud-platform","https://www.googleapis.com/auth/cloudplatformprojects.readonly","https://www.googleapis.com/auth/firebase","openid"]
[debug] [2021-02-12T17:38:41.919Z] >>> HTTP REQUEST POST https://www.googleapis.com/oauth2/v3/token  
 <request body omitted>
[debug] [2021-02-12T17:38:42.537Z] <<< [apiv2][status] GET https://firebase-public.firebaseio.com/cli.json 200
[debug] [2021-02-12T17:38:42.538Z] <<< [apiv2][body] GET https://firebase-public.firebaseio.com/cli.json {"cloudBuildErrorAfter":1594252800000,"cloudBuildWarnAfter":1590019200000,"defaultNode10After":1594252800000,"minVersion":"3.0.5","node8DeploysDisabledAfter":1613390400000,"node8RuntimeDisabledAfter":1615809600000,"node8WarnAfter":1600128000000}
[debug] [2021-02-12T17:38:42.608Z] <<< HTTP RESPONSE 200 {"cache-control":"no-cache, no-store, max-age=0, must-revalidate","pragma":"no-cache","expires":"Mon, 01 Jan 1990 00:00:00 GMT","date":"Fri, 12 Feb 2021 17:39:20 GMT","content-type":"application/json; charset=utf-8","vary":"X-Origin, Referer, Origin,Accept-Encoding","server":"scaffolding on HTTPServer2","x-xss-protection":"0","x-frame-options":"SAMEORIGIN","x-content-type-options":"nosniff","alt-svc":"h3-29=\":443\"; ma=2592000,h3-T051=\":443\"; ma=2592000,h3-Q050=\":443\"; ma=2592000,h3-Q046=\":443\"; ma=2592000,h3-Q043=\":443\"; ma=2592000,quic=\":443\"; ma=2592000; v=\"46,43\"","accept-ranges":"none","transfer-encoding":"chunked"}
[debug] [2021-02-12T17:38:42.630Z] >>> HTTP REQUEST POST https://cloudresourcemanager.googleapis.com/v1/projects/dimelo-vip-col:testIamPermissions  
 {"permissions":["cloudfunctions.functions.create","cloudfunctions.functions.delete","cloudfunctions.functions.get","cloudfunctions.functions.list","cloudfunctions.functions.update","cloudfunctions.operations.get","firebase.projects.get"]}
[debug] [2021-02-12T17:38:43.268Z] <<< HTTP RESPONSE 200 {"content-type":"application/json; charset=UTF-8","vary":"X-Origin, Referer, Origin,Accept-Encoding","date":"Fri, 12 Feb 2021 17:39:21 GMT","server":"ESF","cache-control":"private","x-xss-protection":"0","x-frame-options":"SAMEORIGIN","x-content-type-options":"nosniff","server-timing":"gfet4t7; dur=186","alt-svc":"h3-29=\":443\"; ma=2592000,h3-T051=\":443\"; ma=2592000,h3-Q050=\":443\"; ma=2592000,h3-Q046=\":443\"; ma=2592000,h3-Q043=\":443\"; ma=2592000,quic=\":443\"; ma=2592000; v=\"46,43\"","accept-ranges":"none","transfer-encoding":"chunked"}
[debug] [2021-02-12T17:38:43.270Z] >>> HTTP REQUEST POST https://iam.googleapis.com/v1/projects/dimelo-vip-col/serviceAccounts/dimelo-vip-col@appspot.gserviceaccount.com:testIamPermissions  
 {"permissions":["iam.serviceAccounts.actAs"]}
[debug] [2021-02-12T17:38:43.771Z] <<< HTTP RESPONSE 200 {"content-type":"application/json; charset=UTF-8","vary":"X-Origin, Referer, Origin,Accept-Encoding","date":"Fri, 12 Feb 2021 17:39:22 GMT","server":"ESF","cache-control":"private","x-xss-protection":"0","x-frame-options":"SAMEORIGIN","x-content-type-options":"nosniff","alt-svc":"h3-29=\":443\"; ma=2592000,h3-T051=\":443\"; ma=2592000,h3-Q050=\":443\"; ma=2592000,h3-Q046=\":443\"; ma=2592000,h3-Q043=\":443\"; ma=2592000,quic=\":443\"; ma=2592000; v=\"46,43\"","accept-ranges":"none","transfer-encoding":"chunked"}
[info] 
[info] === Deploying to 'dimelo-vip-col'...
[info] 
[info] i  deploying functions 
[debug] [2021-02-12T17:38:52.531Z] > [functions] package.json contents: {
  "name": "functions",
  "description": "Cloud Functions for Firebase",
  "scripts": {
    "deploy": "firebase deploy --only functions",
    "shell": "firebase functions:shell",
    "serve": "firebase emulators:start --only functions",
    "start": "npm run shell",
    "logs": "firebase functions:log"
  },
  "engines": {
    "node": "12"
  },
  "main": "index.js",
  "dependencies": {
    "express": "^4.17.1",
    "firebase-admin": "^9.2.0",
    "firebase-functions": "^3.11.0",
    "handlebars": "^4.7.6",
    "lint": "^0.7.0",
    "mailgun-js": "^0.22.0",
    "nodemailer": "^6.4.17"
  },
  "devDependencies": {
    "firebase-functions-test": "^0.2.0"
  },
  "private": true
}
[info] i  functions: ensuring required API cloudfunctions.googleapis.com is enabled... 
[info] i  functions: ensuring required API cloudbuild.googleapis.com is enabled... 
[debug] [2021-02-12T17:38:54.872Z] >>> HTTP REQUEST GET https://serviceusage.googleapis.com/v1/projects/dimelo-vip-col/services/cloudfunctions.googleapis.com  
 
[debug] [2021-02-12T17:38:54.873Z] >>> HTTP REQUEST GET https://serviceusage.googleapis.com/v1/projects/dimelo-vip-col/services/runtimeconfig.googleapis.com  
 
[debug] [2021-02-12T17:38:54.873Z] >>> HTTP REQUEST GET https://serviceusage.googleapis.com/v1/projects/dimelo-vip-col/services/cloudbuild.googleapis.com  
 
[debug] [2021-02-12T17:38:57.048Z] <<< HTTP RESPONSE 200 {"content-type":"application/json; charset=UTF-8","vary":"X-Origin, Referer, Origin,Accept-Encoding","date":"Fri, 12 Feb 2021 17:39:34 GMT","server":"ESF","cache-control":"private","x-xss-protection":"0","x-frame-options":"SAMEORIGIN","x-content-type-options":"nosniff","alt-svc":"h3-29=\":443\"; ma=2592000,h3-T051=\":443\"; ma=2592000,h3-Q050=\":443\"; ma=2592000,h3-Q046=\":443\"; ma=2592000,h3-Q043=\":443\"; ma=2592000,quic=\":443\"; ma=2592000; v=\"46,43\"","accept-ranges":"none","transfer-encoding":"chunked"}
[debug] [2021-02-12T17:38:57.942Z] <<< HTTP RESPONSE 200 {"content-type":"application/json; charset=UTF-8","vary":"X-Origin, Referer, Origin,Accept-Encoding","date":"Fri, 12 Feb 2021 17:39:34 GMT","server":"ESF","cache-control":"private","x-xss-protection":"0","x-frame-options":"SAMEORIGIN","x-content-type-options":"nosniff","alt-svc":"h3-29=\":443\"; ma=2592000,h3-T051=\":443\"; ma=2592000,h3-Q050=\":443\"; ma=2592000,h3-Q046=\":443\"; ma=2592000,h3-Q043=\":443\"; ma=2592000,quic=\":443\"; ma=2592000; v=\"46,43\"","accept-ranges":"none","transfer-encoding":"chunked"}
[info] +  functions: required API cloudbuild.googleapis.com is enabled 
[debug] [2021-02-12T17:38:58.150Z] <<< HTTP RESPONSE 200 {"content-type":"application/json; charset=UTF-8","vary":"X-Origin, Referer, Origin,Accept-Encoding","date":"Fri, 12 Feb 2021 17:39:34 GMT","server":"ESF","cache-control":"private","x-xss-protection":"0","x-frame-options":"SAMEORIGIN","x-content-type-options":"nosniff","alt-svc":"h3-29=\":443\"; ma=2592000,h3-T051=\":443\"; ma=2592000,h3-Q050=\":443\"; ma=2592000,h3-Q046=\":443\"; ma=2592000,h3-Q043=\":443\"; ma=2592000,quic=\":443\"; ma=2592000; v=\"46,43\"","accept-ranges":"none","transfer-encoding":"chunked"}
[info] +  functions: required API cloudfunctions.googleapis.com is enabled 
[debug] [2021-02-12T17:38:58.152Z] >>> HTTP REQUEST GET https://firebase.googleapis.com/v1beta1/projects/dimelo-vip-col/adminSdkConfig  
 
[debug] [2021-02-12T17:38:59.370Z] <<< HTTP RESPONSE 200 {"content-type":"application/json; charset=UTF-8","vary":"X-Origin, Referer, Origin,Accept-Encoding","date":"Fri, 12 Feb 2021 17:39:37 GMT","server":"ESF","cache-control":"private","x-xss-protection":"0","x-frame-options":"SAMEORIGIN","x-content-type-options":"nosniff","alt-svc":"h3-29=\":443\"; ma=2592000,h3-T051=\":443\"; ma=2592000,h3-Q050=\":443\"; ma=2592000,h3-Q046=\":443\"; ma=2592000,h3-Q043=\":443\"; ma=2592000,quic=\":443\"; ma=2592000; v=\"46,43\"","accept-ranges":"none","transfer-encoding":"chunked"}
[info] i  functions: preparing ./Cloud Functions directory for uploading... 
[debug] [2021-02-12T17:38:59.372Z] >>> HTTP REQUEST GET https://runtimeconfig.googleapis.com/v1beta1/projects/dimelo-vip-col/configs  
 
[debug] [2021-02-12T17:39:00.812Z] <<< HTTP RESPONSE 200 {"content-type":"application/json; charset=UTF-8","vary":"X-Origin, Referer, Origin,Accept-Encoding","date":"Fri, 12 Feb 2021 17:39:38 GMT","server":"ESF","cache-control":"private","x-xss-protection":"0","x-frame-options":"SAMEORIGIN","x-content-type-options":"nosniff","alt-svc":"h3-29=\":443\"; ma=2592000,h3-T051=\":443\"; ma=2592000,h3-Q050=\":443\"; ma=2592000,h3-Q046=\":443\"; ma=2592000,h3-Q043=\":443\"; ma=2592000,quic=\":443\"; ma=2592000; v=\"46,43\"","accept-ranges":"none","transfer-encoding":"chunked"}
[info] i  functions: packaged ./Cloud Functions (45.04 KB) for uploading 
[debug] [2021-02-12T17:39:04.885Z] >>> HTTP REQUEST GET https://cloudfunctions.googleapis.com/v1/projects/dimelo-vip-col/locations/-/functions  
 
[debug] [2021-02-12T17:39:06.064Z] <<< HTTP RESPONSE 200 {"content-type":"application/json; charset=UTF-8","vary":"X-Origin, Referer, Origin,Accept-Encoding","date":"Fri, 12 Feb 2021 17:39:44 GMT","server":"ESF","cache-control":"private","x-xss-protection":"0","x-frame-options":"SAMEORIGIN","x-content-type-options":"nosniff","alt-svc":"h3-29=\":443\"; ma=2592000,h3-T051=\":443\"; ma=2592000,h3-Q050=\":443\"; ma=2592000,h3-Q046=\":443\"; ma=2592000,h3-Q043=\":443\"; ma=2592000,quic=\":443\"; ma=2592000; v=\"46,43\"","accept-ranges":"none","transfer-encoding":"chunked"}
[debug] [2021-02-12T17:39:06.070Z] >>> HTTP REQUEST POST https://cloudfunctions.googleapis.com/v1/projects/dimelo-vip-col/locations/us-central1/functions:generateUploadUrl  
 
[debug] [2021-02-12T17:39:07.375Z] <<< HTTP RESPONSE 200 {"content-type":"application/json; charset=UTF-8","vary":"X-Origin, Referer, Origin,Accept-Encoding","date":"Fri, 12 Feb 2021 17:39:45 GMT","server":"ESF","cache-control":"private","x-xss-protection":"0","x-frame-options":"SAMEORIGIN","x-content-type-options":"nosniff","alt-svc":"h3-29=\":443\"; ma=2592000,h3-T051=\":443\"; ma=2592000,h3-Q050=\":443\"; ma=2592000,h3-Q046=\":443\"; ma=2592000,h3-Q043=\":443\"; ma=2592000,quic=\":443\"; ma=2592000; v=\"46,43\"","accept-ranges":"none","transfer-encoding":"chunked"}
[debug] [2021-02-12T17:39:07.377Z] >>> HTTP REQUEST PUT https://storage.googleapis.com/gcf-upload-us-central1-3815e770-f1d9-4122-ad02-bc009d7c697c/adf8e497-73af-43da-a179-d3a11bb80143.zip?GoogleAccessId=service-909520655494@gcf-admin-robot.iam.gserviceaccount.com&Expires=1613153385&Signature=NXhjVwaILiRhVoYeqw76F9d1HW7j%2FpwSMKr35FIwFPBvyq6J8bhkCGSRnnFJZ6Ot%2FRwB46qABkTI8%2FIbCS19CtqFMmsmpkx0wsRUX2NbV7ETVWxUnt905zxw%2F1flqjJ1rdydIz5m8MWMBPg2XGopiRAz6BZ3hsLkU13LRiNdRHLNHDuk2VXq4g8bYFFBYjgqYeyg5%2BCbNPdte2jGaEgqW3Q%2FctnoG%2F0Q26DzoLyRC6ZaN218E2J3cGPAYSszaYjX2cLW5VGNsTnuiOoQd2yNJGtEL9T%2BX8tZOaq8nZkIltbJev8jewv1WDLZDQ79XHwh9kM3JaroFzPJ7%2BpfRxl%2BrA%3D%3D  
 <request body omitted>
[debug] [2021-02-12T17:39:09.496Z] <<< HTTP RESPONSE 200 {"x-guploader-uploadid":"ABg5-UyVMZmwXjzUOEQ-MREbdmlTLi9uT2ZlQiV14HuZIvmqS-Pl8FdLDohAouFV3WBIS5ehqLeGi40CLaNAN6TSPGc","etag":"\"1915cc48aa9c1868be90717a652b9219\"","x-goog-generation":"1613151587766840","x-goog-metageneration":"1","x-goog-hash":"crc32c=BrOSAg==, md5=GRXMSKqcGGi+kHF6ZSuSGQ==","x-goog-stored-content-length":"46122","x-goog-stored-content-encoding":"identity","vary":"Origin","content-length":"0","date":"Fri, 12 Feb 2021 17:39:47 GMT","server":"UploadServer","content-type":"text/html; charset=UTF-8","alt-svc":"h3-29=\":443\"; ma=2592000,h3-T051=\":443\"; ma=2592000,h3-Q050=\":443\"; ma=2592000,h3-Q046=\":443\"; ma=2592000,h3-Q043=\":443\"; ma=2592000,quic=\":443\"; ma=2592000; v=\"46,43\""}
[info] +  functions: ./Cloud Functions folder uploaded successfully 
[info] i  functions: creating Node.js 12 function _app(us-central1)... 
[debug] [2021-02-12T17:39:09.540Z] Trigger is:  {"eventTrigger":{"resource":"projects/dimelo-vip-col/databases/(default)/documents/users/{uid}","eventType":"providers/cloud.firestore/eventTypes/document.create","service":"firestore.googleapis.com"}}
[info] i  functions: creating Node.js 12 function api-onLeadersChange(us-central1)... 
[debug] [2021-02-12T17:39:09.543Z] Trigger is:  {"eventTrigger":{"resource":"projects/dimelo-vip-col/databases/(default)/documents/leaders/{uid}","eventType":"providers/cloud.firestore/eventTypes/document.write","service":"firestore.googleapis.com"}}
[info] i  functions: creating Node.js 12 function api-onUserCreate(us-central1)... 
[debug] [2021-02-12T17:39:09.565Z] Trigger is:  {"eventTrigger":{"resource":"projects/dimelo-vip-col/databases/(default)/documents/users/{uid}","eventType":"providers/cloud.firestore/eventTypes/document.create","service":"firestore.googleapis.com"}}
[info] 
The following functions are found in your project but do not exist in your local source code:
	WelcomeUser(us-central1)
	onCreateCC(us-central1)

If you are renaming a function or changing its region, it is recommended that you create the new function first before deleting the old one to prevent event loss. For more info, visit https://firebase.google.com/docs/functions/manage-functions#modify

[info] i  functions: continuing with other deployments. 
[debug] [2021-02-12T17:39:22.831Z] >>> HTTP REQUEST POST https://cloudfunctions.googleapis.com/v1/projects/dimelo-vip-col/locations/us-central1/functions  
 {"sourceUploadUrl":"https://storage.googleapis.com/gcf-upload-us-central1-3815e770-f1d9-4122-ad02-bc009d7c697c/adf8e497-73af-43da-a179-d3a11bb80143.zip?GoogleAccessId=service-909520655494@gcf-admin-robot.iam.gserviceaccount.com&Expires=1613153385&Signature=NXhjVwaILiRhVoYeqw76F9d1HW7j%2FpwSMKr35FIwFPBvyq6J8bhkCGSRnnFJZ6Ot%2FRwB46qABkTI8%2FIbCS19CtqFMmsmpkx0wsRUX2NbV7ETVWxUnt905zxw%2F1flqjJ1rdydIz5m8MWMBPg2XGopiRAz6BZ3hsLkU13LRiNdRHLNHDuk2VXq4g8bYFFBYjgqYeyg5%2BCbNPdte2jGaEgqW3Q%2FctnoG%2F0Q26DzoLyRC6ZaN218E2J3cGPAYSszaYjX2cLW5VGNsTnuiOoQd2yNJGtEL9T%2BX8tZOaq8nZkIltbJev8jewv1WDLZDQ79XHwh9kM3JaroFzPJ7%2BpfRxl%2BrA%3D%3D","name":"projects/dimelo-vip-col/locations/us-central1/functions/_app","entryPoint":"_app","labels":{"deployment-tool":"cli-firebase"},"runtime":"nodejs12","environmentVariables":{"FIREBASE_CONFIG":"{\"projectId\":\"dimelo-vip-col\",\"databaseURL\":\"https://dimelo-vip-col-default-rtdb.firebaseio.com\",\"storageBucket\":\"dimelo-vip-col.appspot.com\",\"locationId\":\"southamerica-east1\"}"},"eventTrigger":{"resource":"projects/dimelo-vip-col/databases/(default)/documents/users/{uid}","eventType":"providers/cloud.firestore/eventTypes/document.create","service":"firestore.googleapis.com"}}
[debug] [2021-02-12T17:39:22.832Z] >>> HTTP REQUEST POST https://cloudfunctions.googleapis.com/v1/projects/dimelo-vip-col/locations/us-central1/functions  
 {"sourceUploadUrl":"https://storage.googleapis.com/gcf-upload-us-central1-3815e770-f1d9-4122-ad02-bc009d7c697c/adf8e497-73af-43da-a179-d3a11bb80143.zip?GoogleAccessId=service-909520655494@gcf-admin-robot.iam.gserviceaccount.com&Expires=1613153385&Signature=NXhjVwaILiRhVoYeqw76F9d1HW7j%2FpwSMKr35FIwFPBvyq6J8bhkCGSRnnFJZ6Ot%2FRwB46qABkTI8%2FIbCS19CtqFMmsmpkx0wsRUX2NbV7ETVWxUnt905zxw%2F1flqjJ1rdydIz5m8MWMBPg2XGopiRAz6BZ3hsLkU13LRiNdRHLNHDuk2VXq4g8bYFFBYjgqYeyg5%2BCbNPdte2jGaEgqW3Q%2FctnoG%2F0Q26DzoLyRC6ZaN218E2J3cGPAYSszaYjX2cLW5VGNsTnuiOoQd2yNJGtEL9T%2BX8tZOaq8nZkIltbJev8jewv1WDLZDQ79XHwh9kM3JaroFzPJ7%2BpfRxl%2BrA%3D%3D","name":"projects/dimelo-vip-col/locations/us-central1/functions/api-onLeadersChange","entryPoint":"api.onLeadersChange","labels":{"deployment-tool":"cli-firebase"},"runtime":"nodejs12","environmentVariables":{"FIREBASE_CONFIG":"{\"projectId\":\"dimelo-vip-col\",\"databaseURL\":\"https://dimelo-vip-col-default-rtdb.firebaseio.com\",\"storageBucket\":\"dimelo-vip-col.appspot.com\",\"locationId\":\"southamerica-east1\"}"},"eventTrigger":{"resource":"projects/dimelo-vip-col/databases/(default)/documents/leaders/{uid}","eventType":"providers/cloud.firestore/eventTypes/document.write","service":"firestore.googleapis.com"}}
[debug] [2021-02-12T17:39:22.832Z] >>> HTTP REQUEST POST https://cloudfunctions.googleapis.com/v1/projects/dimelo-vip-col/locations/us-central1/functions  
 {"sourceUploadUrl":"https://storage.googleapis.com/gcf-upload-us-central1-3815e770-f1d9-4122-ad02-bc009d7c697c/adf8e497-73af-43da-a179-d3a11bb80143.zip?GoogleAccessId=service-909520655494@gcf-admin-robot.iam.gserviceaccount.com&Expires=1613153385&Signature=NXhjVwaILiRhVoYeqw76F9d1HW7j%2FpwSMKr35FIwFPBvyq6J8bhkCGSRnnFJZ6Ot%2FRwB46qABkTI8%2FIbCS19CtqFMmsmpkx0wsRUX2NbV7ETVWxUnt905zxw%2F1flqjJ1rdydIz5m8MWMBPg2XGopiRAz6BZ3hsLkU13LRiNdRHLNHDuk2VXq4g8bYFFBYjgqYeyg5%2BCbNPdte2jGaEgqW3Q%2FctnoG%2F0Q26DzoLyRC6ZaN218E2J3cGPAYSszaYjX2cLW5VGNsTnuiOoQd2yNJGtEL9T%2BX8tZOaq8nZkIltbJev8jewv1WDLZDQ79XHwh9kM3JaroFzPJ7%2BpfRxl%2BrA%3D%3D","name":"projects/dimelo-vip-col/locations/us-central1/functions/api-onUserCreate","entryPoint":"api.onUserCreate","labels":{"deployment-tool":"cli-firebase"},"runtime":"nodejs12","environmentVariables":{"FIREBASE_CONFIG":"{\"projectId\":\"dimelo-vip-col\",\"databaseURL\":\"https://dimelo-vip-col-default-rtdb.firebaseio.com\",\"storageBucket\":\"dimelo-vip-col.appspot.com\",\"locationId\":\"southamerica-east1\"}"},"eventTrigger":{"resource":"projects/dimelo-vip-col/databases/(default)/documents/users/{uid}","eventType":"providers/cloud.firestore/eventTypes/document.create","service":"firestore.googleapis.com"}}
[debug] [2021-02-12T17:39:23.317Z] <<< HTTP RESPONSE 400 {"vary":"X-Origin, Referer, Origin,Accept-Encoding","content-type":"application/json; charset=UTF-8","date":"Fri, 12 Feb 2021 17:40:01 GMT","server":"ESF","cache-control":"private","x-xss-protection":"0","x-frame-options":"SAMEORIGIN","x-content-type-options":"nosniff","alt-svc":"h3-29=\":443\"; ma=2592000,h3-T051=\":443\"; ma=2592000,h3-Q050=\":443\"; ma=2592000,h3-Q046=\":443\"; ma=2592000,h3-Q043=\":443\"; ma=2592000,quic=\":443\"; ma=2592000; v=\"46,43\"","accept-ranges":"none","transfer-encoding":"chunked"}
[debug] [2021-02-12T17:39:23.317Z] <<< HTTP RESPONSE BODY {"error":{"code":400,"message":"The request has errors","status":"INVALID_ARGUMENT","details":[{"@type":"type.googleapis.com/google.rpc.BadRequest","fieldViolations":[{"field":"function","description":"short function name _app does not match the expected pattern"}]}]}}
[warn] !  functions: failed to create function _app 
[info] HTTP Error: 400, The request has errors
[debug] [2021-02-12T17:39:24.095Z] <<< HTTP RESPONSE 200 {"content-type":"application/json; charset=UTF-8","vary":"X-Origin, Referer, Origin,Accept-Encoding","date":"Fri, 12 Feb 2021 17:40:02 GMT","server":"ESF","cache-control":"private","x-xss-protection":"0","x-frame-options":"SAMEORIGIN","x-content-type-options":"nosniff","alt-svc":"h3-29=\":443\"; ma=2592000,h3-T051=\":443\"; ma=2592000,h3-Q050=\":443\"; ma=2592000,h3-Q046=\":443\"; ma=2592000,h3-Q043=\":443\"; ma=2592000,quic=\":443\"; ma=2592000; v=\"46,43\"","accept-ranges":"none","transfer-encoding":"chunked"}
[debug] [2021-02-12T17:39:24.111Z] <<< HTTP RESPONSE 200 {"content-type":"application/json; charset=UTF-8","vary":"X-Origin, Referer, Origin,Accept-Encoding","date":"Fri, 12 Feb 2021 17:40:02 GMT","server":"ESF","cache-control":"private","x-xss-protection":"0","x-frame-options":"SAMEORIGIN","x-content-type-options":"nosniff","alt-svc":"h3-29=\":443\"; ma=2592000,h3-T051=\":443\"; ma=2592000,h3-Q050=\":443\"; ma=2592000,h3-Q046=\":443\"; ma=2592000,h3-Q043=\":443\"; ma=2592000,quic=\":443\"; ma=2592000; v=\"46,43\"","accept-ranges":"none","transfer-encoding":"chunked"}
[debug] [2021-02-12T17:39:24.114Z] >>> HTTP REQUEST GET https://cloudfunctions.googleapis.com/v1/operations/ZGltZWxvLXZpcC1jb2wvdXMtY2VudHJhbDEvYXBpLW9uTGVhZGVyc0NoYW5nZS9MUUtZNXJmdkI0bw  
 
[debug] [2021-02-12T17:39:24.115Z] >>> HTTP REQUEST GET https://cloudfunctions.googleapis.com/v1/operations/ZGltZWxvLXZpcC1jb2wvdXMtY2VudHJhbDEvYXBpLW9uVXNlckNyZWF0ZS9wa25qSC1TVlFaNA  
 
[debug] [2021-02-12T17:39:24.645Z] <<< HTTP RESPONSE 200 {"content-type":"application/json; charset=UTF-8","vary":"X-Origin, Referer, Origin,Accept-Encoding","date":"Fri, 12 Feb 2021 17:40:02 GMT","server":"ESF","cache-control":"private","x-xss-protection":"0","x-frame-options":"SAMEORIGIN","x-content-type-options":"nosniff","alt-svc":"h3-29=\":443\"; ma=2592000,h3-T051=\":443\"; ma=2592000,h3-Q050=\":443\"; ma=2592000,h3-Q046=\":443\"; ma=2592000,h3-Q043=\":443\"; ma=2592000,quic=\":443\"; ma=2592000; v=\"46,43\"","accept-ranges":"none","transfer-encoding":"chunked"}
[debug] [2021-02-12T17:39:24.653Z] <<< HTTP RESPONSE 200 {"content-type":"application/json; charset=UTF-8","vary":"X-Origin, Referer, Origin,Accept-Encoding","date":"Fri, 12 Feb 2021 17:40:02 GMT","server":"ESF","cache-control":"private","x-xss-protection":"0","x-frame-options":"SAMEORIGIN","x-content-type-options":"nosniff","alt-svc":"h3-29=\":443\"; ma=2592000,h3-T051=\":443\"; ma=2592000,h3-Q050=\":443\"; ma=2592000,h3-Q046=\":443\"; ma=2592000,h3-Q043=\":443\"; ma=2592000,quic=\":443\"; ma=2592000; v=\"46,43\"","accept-ranges":"none","transfer-encoding":"chunked"}
[debug] [2021-02-12T17:39:26.651Z] >>> HTTP REQUEST GET https://cloudfunctions.googleapis.com/v1/operations/ZGltZWxvLXZpcC1jb2wvdXMtY2VudHJhbDEvYXBpLW9uTGVhZGVyc0NoYW5nZS9MUUtZNXJmdkI0bw  
 
[debug] [2021-02-12T17:39:26.654Z] >>> HTTP REQUEST GET https://cloudfunctions.googleapis.com/v1/operations/ZGltZWxvLXZpcC1jb2wvdXMtY2VudHJhbDEvYXBpLW9uVXNlckNyZWF0ZS9wa25qSC1TVlFaNA  
 
[debug] [2021-02-12T17:39:27.105Z] <<< HTTP RESPONSE 200 {"content-type":"application/json; charset=UTF-8","vary":"X-Origin, Referer, Origin,Accept-Encoding","date":"Fri, 12 Feb 2021 17:40:05 GMT","server":"ESF","cache-control":"private","x-xss-protection":"0","x-frame-options":"SAMEORIGIN","x-content-type-options":"nosniff","alt-svc":"h3-29=\":443\"; ma=2592000,h3-T051=\":443\"; ma=2592000,h3-Q050=\":443\"; ma=2592000,h3-Q046=\":443\"; ma=2592000,h3-Q043=\":443\"; ma=2592000,quic=\":443\"; ma=2592000; v=\"46,43\"","accept-ranges":"none","transfer-encoding":"chunked"}
[debug] [2021-02-12T17:39:27.164Z] <<< HTTP RESPONSE 200 {"content-type":"application/json; charset=UTF-8","vary":"X-Origin, Referer, Origin,Accept-Encoding","date":"Fri, 12 Feb 2021 17:40:05 GMT","server":"ESF","cache-control":"private","x-xss-protection":"0","x-frame-options":"SAMEORIGIN","x-content-type-options":"nosniff","alt-svc":"h3-29=\":443\"; ma=2592000,h3-T051=\":443\"; ma=2592000,h3-Q050=\":443\"; ma=2592000,h3-Q046=\":443\"; ma=2592000,h3-Q043=\":443\"; ma=2592000,quic=\":443\"; ma=2592000; v=\"46,43\"","accept-ranges":"none","transfer-encoding":"chunked"}
[debug] [2021-02-12T17:39:29.118Z] >>> HTTP REQUEST GET https://cloudfunctions.googleapis.com/v1/operations/ZGltZWxvLXZpcC1jb2wvdXMtY2VudHJhbDEvYXBpLW9uTGVhZGVyc0NoYW5nZS9MUUtZNXJmdkI0bw  
 
[debug] [2021-02-12T17:39:29.179Z] >>> HTTP REQUEST GET https://cloudfunctions.googleapis.com/v1/operations/ZGltZWxvLXZpcC1jb2wvdXMtY2VudHJhbDEvYXBpLW9uVXNlckNyZWF0ZS9wa25qSC1TVlFaNA  
 
[debug] [2021-02-12T17:39:29.640Z] <<< HTTP RESPONSE 200 {"content-type":"application/json; charset=UTF-8","vary":"X-Origin, Referer, Origin,Accept-Encoding","date":"Fri, 12 Feb 2021 17:40:07 GMT","server":"ESF","cache-control":"private","x-xss-protection":"0","x-frame-options":"SAMEORIGIN","x-content-type-options":"nosniff","alt-svc":"h3-29=\":443\"; ma=2592000,h3-T051=\":443\"; ma=2592000,h3-Q050=\":443\"; ma=2592000,h3-Q046=\":443\"; ma=2592000,h3-Q043=\":443\"; ma=2592000,quic=\":443\"; ma=2592000; v=\"46,43\"","accept-ranges":"none","transfer-encoding":"chunked"}
[debug] [2021-02-12T17:39:29.691Z] <<< HTTP RESPONSE 200 {"content-type":"application/json; charset=UTF-8","vary":"X-Origin, Referer, Origin,Accept-Encoding","date":"Fri, 12 Feb 2021 17:40:07 GMT","server":"ESF","cache-control":"private","x-xss-protection":"0","x-frame-options":"SAMEORIGIN","x-content-type-options":"nosniff","alt-svc":"h3-29=\":443\"; ma=2592000,h3-T051=\":443\"; ma=2592000,h3-Q050=\":443\"; ma=2592000,h3-Q046=\":443\"; ma=2592000,h3-Q043=\":443\"; ma=2592000,quic=\":443\"; ma=2592000; v=\"46,43\"","accept-ranges":"none","transfer-encoding":"chunked"}
[debug] [2021-02-12T17:39:31.649Z] >>> HTTP REQUEST GET https://cloudfunctions.googleapis.com/v1/operations/ZGltZWxvLXZpcC1jb2wvdXMtY2VudHJhbDEvYXBpLW9uTGVhZGVyc0NoYW5nZS9MUUtZNXJmdkI0bw  
 
[debug] [2021-02-12T17:39:31.695Z] >>> HTTP REQUEST GET https://cloudfunctions.googleapis.com/v1/operations/ZGltZWxvLXZpcC1jb2wvdXMtY2VudHJhbDEvYXBpLW9uVXNlckNyZWF0ZS9wa25qSC1TVlFaNA  
 
[debug] [2021-02-12T17:39:32.047Z] <<< HTTP RESPONSE 200 {"content-type":"application/json; charset=UTF-8","vary":"X-Origin, Referer, Origin,Accept-Encoding","date":"Fri, 12 Feb 2021 17:40:10 GMT","server":"ESF","cache-control":"private","x-xss-protection":"0","x-frame-options":"SAMEORIGIN","x-content-type-options":"nosniff","alt-svc":"h3-29=\":443\"; ma=2592000,h3-T051=\":443\"; ma=2592000,h3-Q050=\":443\"; ma=2592000,h3-Q046=\":443\"; ma=2592000,h3-Q043=\":443\"; ma=2592000,quic=\":443\"; ma=2592000; v=\"46,43\"","accept-ranges":"none","transfer-encoding":"chunked"}
[debug] [2021-02-12T17:39:32.191Z] <<< HTTP RESPONSE 200 {"content-type":"application/json; charset=UTF-8","vary":"X-Origin, Referer, Origin,Accept-Encoding","date":"Fri, 12 Feb 2021 17:40:10 GMT","server":"ESF","cache-control":"private","x-xss-protection":"0","x-frame-options":"SAMEORIGIN","x-content-type-options":"nosniff","alt-svc":"h3-29=\":443\"; ma=2592000,h3-T051=\":443\"; ma=2592000,h3-Q050=\":443\"; ma=2592000,h3-Q046=\":443\"; ma=2592000,h3-Q043=\":443\"; ma=2592000,quic=\":443\"; ma=2592000; v=\"46,43\"","accept-ranges":"none","transfer-encoding":"chunked"}
[debug] [2021-02-12T17:39:34.058Z] >>> HTTP REQUEST GET https://cloudfunctions.googleapis.com/v1/operations/ZGltZWxvLXZpcC1jb2wvdXMtY2VudHJhbDEvYXBpLW9uTGVhZGVyc0NoYW5nZS9MUUtZNXJmdkI0bw  
 
[debug] [2021-02-12T17:39:34.199Z] >>> HTTP REQUEST GET https://cloudfunctions.googleapis.com/v1/operations/ZGltZWxvLXZpcC1jb2wvdXMtY2VudHJhbDEvYXBpLW9uVXNlckNyZWF0ZS9wa25qSC1TVlFaNA  
 
[debug] [2021-02-12T17:39:34.569Z] <<< HTTP RESPONSE 200 {"content-type":"application/json; charset=UTF-8","vary":"X-Origin, Referer, Origin,Accept-Encoding","date":"Fri, 12 Feb 2021 17:40:12 GMT","server":"ESF","cache-control":"private","x-xss-protection":"0","x-frame-options":"SAMEORIGIN","x-content-type-options":"nosniff","alt-svc":"h3-29=\":443\"; ma=2592000,h3-T051=\":443\"; ma=2592000,h3-Q050=\":443\"; ma=2592000,h3-Q046=\":443\"; ma=2592000,h3-Q043=\":443\"; ma=2592000,quic=\":443\"; ma=2592000; v=\"46,43\"","accept-ranges":"none","transfer-encoding":"chunked"}
[debug] [2021-02-12T17:39:34.764Z] <<< HTTP RESPONSE 200 {"content-type":"application/json; charset=UTF-8","vary":"X-Origin, Referer, Origin,Accept-Encoding","date":"Fri, 12 Feb 2021 17:40:13 GMT","server":"ESF","cache-control":"private","x-xss-protection":"0","x-frame-options":"SAMEORIGIN","x-content-type-options":"nosniff","alt-svc":"h3-29=\":443\"; ma=2592000,h3-T051=\":443\"; ma=2592000,h3-Q050=\":443\"; ma=2592000,h3-Q046=\":443\"; ma=2592000,h3-Q043=\":443\"; ma=2592000,quic=\":443\"; ma=2592000; v=\"46,43\"","accept-ranges":"none","transfer-encoding":"chunked"}
[debug] [2021-02-12T17:39:36.570Z] >>> HTTP REQUEST GET https://cloudfunctions.googleapis.com/v1/operations/ZGltZWxvLXZpcC1jb2wvdXMtY2VudHJhbDEvYXBpLW9uTGVhZGVyc0NoYW5nZS9MUUtZNXJmdkI0bw  
 
[debug] [2021-02-12T17:39:36.780Z] >>> HTTP REQUEST GET https://cloudfunctions.googleapis.com/v1/operations/ZGltZWxvLXZpcC1jb2wvdXMtY2VudHJhbDEvYXBpLW9uVXNlckNyZWF0ZS9wa25qSC1TVlFaNA  
 
[debug] [2021-02-12T17:39:37.106Z] <<< HTTP RESPONSE 200 {"content-type":"application/json; charset=UTF-8","vary":"X-Origin, Referer, Origin,Accept-Encoding","date":"Fri, 12 Feb 2021 17:40:15 GMT","server":"ESF","cache-control":"private","x-xss-protection":"0","x-frame-options":"SAMEORIGIN","x-content-type-options":"nosniff","alt-svc":"h3-29=\":443\"; ma=2592000,h3-T051=\":443\"; ma=2592000,h3-Q050=\":443\"; ma=2592000,h3-Q046=\":443\"; ma=2592000,h3-Q043=\":443\"; ma=2592000,quic=\":443\"; ma=2592000; v=\"46,43\"","accept-ranges":"none","transfer-encoding":"chunked"}
[debug] [2021-02-12T17:39:37.422Z] <<< HTTP RESPONSE 200 {"content-type":"application/json; charset=UTF-8","vary":"X-Origin, Referer, Origin,Accept-Encoding","date":"Fri, 12 Feb 2021 17:40:15 GMT","server":"ESF","cache-control":"private","x-xss-protection":"0","x-frame-options":"SAMEORIGIN","x-content-type-options":"nosniff","alt-svc":"h3-29=\":443\"; ma=2592000,h3-T051=\":443\"; ma=2592000,h3-Q050=\":443\"; ma=2592000,h3-Q046=\":443\"; ma=2592000,h3-Q043=\":443\"; ma=2592000,quic=\":443\"; ma=2592000; v=\"46,43\"","accept-ranges":"none","transfer-encoding":"chunked"}
[debug] [2021-02-12T17:39:39.118Z] >>> HTTP REQUEST GET https://cloudfunctions.googleapis.com/v1/operations/ZGltZWxvLXZpcC1jb2wvdXMtY2VudHJhbDEvYXBpLW9uTGVhZGVyc0NoYW5nZS9MUUtZNXJmdkI0bw  
 
[debug] [2021-02-12T17:39:39.434Z] >>> HTTP REQUEST GET https://cloudfunctions.googleapis.com/v1/operations/ZGltZWxvLXZpcC1jb2wvdXMtY2VudHJhbDEvYXBpLW9uVXNlckNyZWF0ZS9wa25qSC1TVlFaNA  
 
[debug] [2021-02-12T17:39:39.804Z] <<< HTTP RESPONSE 200 {"content-type":"application/json; charset=UTF-8","vary":"X-Origin, Referer, Origin,Accept-Encoding","date":"Fri, 12 Feb 2021 17:40:18 GMT","server":"ESF","cache-control":"private","x-xss-protection":"0","x-frame-options":"SAMEORIGIN","x-content-type-options":"nosniff","alt-svc":"h3-29=\":443\"; ma=2592000,h3-T051=\":443\"; ma=2592000,h3-Q050=\":443\"; ma=2592000,h3-Q046=\":443\"; ma=2592000,h3-Q043=\":443\"; ma=2592000,quic=\":443\"; ma=2592000; v=\"46,43\"","accept-ranges":"none","transfer-encoding":"chunked"}
[debug] [2021-02-12T17:39:39.958Z] <<< HTTP RESPONSE 200 {"content-type":"application/json; charset=UTF-8","vary":"X-Origin, Referer, Origin,Accept-Encoding","date":"Fri, 12 Feb 2021 17:40:18 GMT","server":"ESF","cache-control":"private","x-xss-protection":"0","x-frame-options":"SAMEORIGIN","x-content-type-options":"nosniff","alt-svc":"h3-29=\":443\"; ma=2592000,h3-T051=\":443\"; ma=2592000,h3-Q050=\":443\"; ma=2592000,h3-Q046=\":443\"; ma=2592000,h3-Q043=\":443\"; ma=2592000,quic=\":443\"; ma=2592000; v=\"46,43\"","accept-ranges":"none","transfer-encoding":"chunked"}
[debug] [2021-02-12T17:39:41.806Z] >>> HTTP REQUEST GET https://cloudfunctions.googleapis.com/v1/operations/ZGltZWxvLXZpcC1jb2wvdXMtY2VudHJhbDEvYXBpLW9uTGVhZGVyc0NoYW5nZS9MUUtZNXJmdkI0bw  
 
[debug] [2021-02-12T17:39:41.964Z] >>> HTTP REQUEST GET https://cloudfunctions.googleapis.com/v1/operations/ZGltZWxvLXZpcC1jb2wvdXMtY2VudHJhbDEvYXBpLW9uVXNlckNyZWF0ZS9wa25qSC1TVlFaNA  
 
[debug] [2021-02-12T17:39:42.212Z] <<< HTTP RESPONSE 200 {"content-type":"application/json; charset=UTF-8","vary":"X-Origin, Referer, Origin,Accept-Encoding","date":"Fri, 12 Feb 2021 17:40:20 GMT","server":"ESF","cache-control":"private","x-xss-protection":"0","x-frame-options":"SAMEORIGIN","x-content-type-options":"nosniff","alt-svc":"h3-29=\":443\"; ma=2592000,h3-T051=\":443\"; ma=2592000,h3-Q050=\":443\"; ma=2592000,h3-Q046=\":443\"; ma=2592000,h3-Q043=\":443\"; ma=2592000,quic=\":443\"; ma=2592000; v=\"46,43\"","accept-ranges":"none","transfer-encoding":"chunked"}
[debug] [2021-02-12T17:39:42.501Z] <<< HTTP RESPONSE 200 {"content-type":"application/json; charset=UTF-8","vary":"X-Origin, Referer, Origin,Accept-Encoding","date":"Fri, 12 Feb 2021 17:40:20 GMT","server":"ESF","cache-control":"private","x-xss-protection":"0","x-frame-options":"SAMEORIGIN","x-content-type-options":"nosniff","alt-svc":"h3-29=\":443\"; ma=2592000,h3-T051=\":443\"; ma=2592000,h3-Q050=\":443\"; ma=2592000,h3-Q046=\":443\"; ma=2592000,h3-Q043=\":443\"; ma=2592000,quic=\":443\"; ma=2592000; v=\"46,43\"","accept-ranges":"none","transfer-encoding":"chunked"}
[debug] [2021-02-12T17:39:44.227Z] >>> HTTP REQUEST GET https://cloudfunctions.googleapis.com/v1/operations/ZGltZWxvLXZpcC1jb2wvdXMtY2VudHJhbDEvYXBpLW9uTGVhZGVyc0NoYW5nZS9MUUtZNXJmdkI0bw  
 
[debug] [2021-02-12T17:39:44.505Z] >>> HTTP REQUEST GET https://cloudfunctions.googleapis.com/v1/operations/ZGltZWxvLXZpcC1jb2wvdXMtY2VudHJhbDEvYXBpLW9uVXNlckNyZWF0ZS9wa25qSC1TVlFaNA  
 
[debug] [2021-02-12T17:39:44.878Z] <<< HTTP RESPONSE 200 {"content-type":"application/json; charset=UTF-8","vary":"X-Origin, Referer, Origin,Accept-Encoding","date":"Fri, 12 Feb 2021 17:40:23 GMT","server":"ESF","cache-control":"private","x-xss-protection":"0","x-frame-options":"SAMEORIGIN","x-content-type-options":"nosniff","alt-svc":"h3-29=\":443\"; ma=2592000,h3-T051=\":443\"; ma=2592000,h3-Q050=\":443\"; ma=2592000,h3-Q046=\":443\"; ma=2592000,h3-Q043=\":443\"; ma=2592000,quic=\":443\"; ma=2592000; v=\"46,43\"","accept-ranges":"none","transfer-encoding":"chunked"}
[debug] [2021-02-12T17:39:45.057Z] <<< HTTP RESPONSE 200 {"content-type":"application/json; charset=UTF-8","vary":"X-Origin, Referer, Origin,Accept-Encoding","date":"Fri, 12 Feb 2021 17:40:23 GMT","server":"ESF","cache-control":"private","x-xss-protection":"0","x-frame-options":"SAMEORIGIN","x-content-type-options":"nosniff","alt-svc":"h3-29=\":443\"; ma=2592000,h3-T051=\":443\"; ma=2592000,h3-Q050=\":443\"; ma=2592000,h3-Q046=\":443\"; ma=2592000,h3-Q043=\":443\"; ma=2592000,quic=\":443\"; ma=2592000; v=\"46,43\"","accept-ranges":"none","transfer-encoding":"chunked"}
[debug] [2021-02-12T17:39:46.893Z] >>> HTTP REQUEST GET https://cloudfunctions.googleapis.com/v1/operations/ZGltZWxvLXZpcC1jb2wvdXMtY2VudHJhbDEvYXBpLW9uTGVhZGVyc0NoYW5nZS9MUUtZNXJmdkI0bw  
 
[debug] [2021-02-12T17:39:47.063Z] >>> HTTP REQUEST GET https://cloudfunctions.googleapis.com/v1/operations/ZGltZWxvLXZpcC1jb2wvdXMtY2VudHJhbDEvYXBpLW9uVXNlckNyZWF0ZS9wa25qSC1TVlFaNA  
 
[debug] [2021-02-12T17:39:47.428Z] <<< HTTP RESPONSE 200 {"content-type":"application/json; charset=UTF-8","vary":"X-Origin, Referer, Origin,Accept-Encoding","date":"Fri, 12 Feb 2021 17:40:25 GMT","server":"ESF","cache-control":"private","x-xss-protection":"0","x-frame-options":"SAMEORIGIN","x-content-type-options":"nosniff","alt-svc":"h3-29=\":443\"; ma=2592000,h3-T051=\":443\"; ma=2592000,h3-Q050=\":443\"; ma=2592000,h3-Q046=\":443\"; ma=2592000,h3-Q043=\":443\"; ma=2592000,quic=\":443\"; ma=2592000; v=\"46,43\"","accept-ranges":"none","transfer-encoding":"chunked"}
[debug] [2021-02-12T17:39:47.577Z] <<< HTTP RESPONSE 200 {"content-type":"application/json; charset=UTF-8","vary":"X-Origin, Referer, Origin,Accept-Encoding","date":"Fri, 12 Feb 2021 17:40:25 GMT","server":"ESF","cache-control":"private","x-xss-protection":"0","x-frame-options":"SAMEORIGIN","x-content-type-options":"nosniff","alt-svc":"h3-29=\":443\"; ma=2592000,h3-T051=\":443\"; ma=2592000,h3-Q050=\":443\"; ma=2592000,h3-Q046=\":443\"; ma=2592000,h3-Q043=\":443\"; ma=2592000,quic=\":443\"; ma=2592000; v=\"46,43\"","accept-ranges":"none","transfer-encoding":"chunked"}
[debug] [2021-02-12T17:39:49.440Z] >>> HTTP REQUEST GET https://cloudfunctions.googleapis.com/v1/operations/ZGltZWxvLXZpcC1jb2wvdXMtY2VudHJhbDEvYXBpLW9uTGVhZGVyc0NoYW5nZS9MUUtZNXJmdkI0bw  
 
[debug] [2021-02-12T17:39:49.580Z] >>> HTTP REQUEST GET https://cloudfunctions.googleapis.com/v1/operations/ZGltZWxvLXZpcC1jb2wvdXMtY2VudHJhbDEvYXBpLW9uVXNlckNyZWF0ZS9wa25qSC1TVlFaNA  
 
[debug] [2021-02-12T17:39:49.965Z] <<< HTTP RESPONSE 200 {"content-type":"application/json; charset=UTF-8","vary":"X-Origin, Referer, Origin,Accept-Encoding","date":"Fri, 12 Feb 2021 17:40:28 GMT","server":"ESF","cache-control":"private","x-xss-protection":"0","x-frame-options":"SAMEORIGIN","x-content-type-options":"nosniff","alt-svc":"h3-29=\":443\"; ma=2592000,h3-T051=\":443\"; ma=2592000,h3-Q050=\":443\"; ma=2592000,h3-Q046=\":443\"; ma=2592000,h3-Q043=\":443\"; ma=2592000,quic=\":443\"; ma=2592000; v=\"46,43\"","accept-ranges":"none","transfer-encoding":"chunked"}
[debug] [2021-02-12T17:39:49.990Z] <<< HTTP RESPONSE 200 {"content-type":"application/json; charset=UTF-8","vary":"X-Origin, Referer, Origin,Accept-Encoding","date":"Fri, 12 Feb 2021 17:40:28 GMT","server":"ESF","cache-control":"private","x-xss-protection":"0","x-frame-options":"SAMEORIGIN","x-content-type-options":"nosniff","alt-svc":"h3-29=\":443\"; ma=2592000,h3-T051=\":443\"; ma=2592000,h3-Q050=\":443\"; ma=2592000,h3-Q046=\":443\"; ma=2592000,h3-Q043=\":443\"; ma=2592000,quic=\":443\"; ma=2592000; v=\"46,43\"","accept-ranges":"none","transfer-encoding":"chunked"}
[debug] [2021-02-12T17:39:51.969Z] >>> HTTP REQUEST GET https://cloudfunctions.googleapis.com/v1/operations/ZGltZWxvLXZpcC1jb2wvdXMtY2VudHJhbDEvYXBpLW9uTGVhZGVyc0NoYW5nZS9MUUtZNXJmdkI0bw  
 
[debug] [2021-02-12T17:39:52.000Z] >>> HTTP REQUEST GET https://cloudfunctions.googleapis.com/v1/operations/ZGltZWxvLXZpcC1jb2wvdXMtY2VudHJhbDEvYXBpLW9uVXNlckNyZWF0ZS9wa25qSC1TVlFaNA  
 
[debug] [2021-02-12T17:39:53.081Z] <<< HTTP RESPONSE 200 {"content-type":"application/json; charset=UTF-8","vary":"X-Origin, Referer, Origin,Accept-Encoding","date":"Fri, 12 Feb 2021 17:40:31 GMT","server":"ESF","cache-control":"private","x-xss-protection":"0","x-frame-options":"SAMEORIGIN","x-content-type-options":"nosniff","alt-svc":"h3-29=\":443\"; ma=2592000,h3-T051=\":443\"; ma=2592000,h3-Q050=\":443\"; ma=2592000,h3-Q046=\":443\"; ma=2592000,h3-Q043=\":443\"; ma=2592000,quic=\":443\"; ma=2592000; v=\"46,43\"","accept-ranges":"none","transfer-encoding":"chunked"}
[debug] [2021-02-12T17:39:53.089Z] <<< HTTP RESPONSE 200 {"content-type":"application/json; charset=UTF-8","vary":"X-Origin, Referer, Origin,Accept-Encoding","date":"Fri, 12 Feb 2021 17:40:31 GMT","server":"ESF","cache-control":"private","x-xss-protection":"0","x-frame-options":"SAMEORIGIN","x-content-type-options":"nosniff","alt-svc":"h3-29=\":443\"; ma=2592000,h3-T051=\":443\"; ma=2592000,h3-Q050=\":443\"; ma=2592000,h3-Q046=\":443\"; ma=2592000,h3-Q043=\":443\"; ma=2592000,quic=\":443\"; ma=2592000; v=\"46,43\"","accept-ranges":"none","transfer-encoding":"chunked"}
[debug] [2021-02-12T17:39:55.095Z] >>> HTTP REQUEST GET https://cloudfunctions.googleapis.com/v1/operations/ZGltZWxvLXZpcC1jb2wvdXMtY2VudHJhbDEvYXBpLW9uTGVhZGVyc0NoYW5nZS9MUUtZNXJmdkI0bw  
 
[debug] [2021-02-12T17:39:55.096Z] >>> HTTP REQUEST GET https://cloudfunctions.googleapis.com/v1/operations/ZGltZWxvLXZpcC1jb2wvdXMtY2VudHJhbDEvYXBpLW9uVXNlckNyZWF0ZS9wa25qSC1TVlFaNA  
 
[debug] [2021-02-12T17:39:55.600Z] <<< HTTP RESPONSE 200 {"content-type":"application/json; charset=UTF-8","vary":"X-Origin, Referer, Origin,Accept-Encoding","date":"Fri, 12 Feb 2021 17:40:33 GMT","server":"ESF","cache-control":"private","x-xss-protection":"0","x-frame-options":"SAMEORIGIN","x-content-type-options":"nosniff","alt-svc":"h3-29=\":443\"; ma=2592000,h3-T051=\":443\"; ma=2592000,h3-Q050=\":443\"; ma=2592000,h3-Q046=\":443\"; ma=2592000,h3-Q043=\":443\"; ma=2592000,quic=\":443\"; ma=2592000; v=\"46,43\"","accept-ranges":"none","transfer-encoding":"chunked"}
[debug] [2021-02-12T17:39:55.606Z] <<< HTTP RESPONSE 200 {"content-type":"application/json; charset=UTF-8","vary":"X-Origin, Referer, Origin,Accept-Encoding","date":"Fri, 12 Feb 2021 17:40:33 GMT","server":"ESF","cache-control":"private","x-xss-protection":"0","x-frame-options":"SAMEORIGIN","x-content-type-options":"nosniff","alt-svc":"h3-29=\":443\"; ma=2592000,h3-T051=\":443\"; ma=2592000,h3-Q050=\":443\"; ma=2592000,h3-Q046=\":443\"; ma=2592000,h3-Q043=\":443\"; ma=2592000,quic=\":443\"; ma=2592000; v=\"46,43\"","accept-ranges":"none","transfer-encoding":"chunked"}
[debug] [2021-02-12T17:39:57.616Z] >>> HTTP REQUEST GET https://cloudfunctions.googleapis.com/v1/operations/ZGltZWxvLXZpcC1jb2wvdXMtY2VudHJhbDEvYXBpLW9uVXNlckNyZWF0ZS9wa25qSC1TVlFaNA  
 
[debug] [2021-02-12T17:39:57.616Z] >>> HTTP REQUEST GET https://cloudfunctions.googleapis.com/v1/operations/ZGltZWxvLXZpcC1jb2wvdXMtY2VudHJhbDEvYXBpLW9uTGVhZGVyc0NoYW5nZS9MUUtZNXJmdkI0bw  
 
[debug] [2021-02-12T17:39:58.173Z] <<< HTTP RESPONSE 200 {"content-type":"application/json; charset=UTF-8","vary":"X-Origin, Referer, Origin,Accept-Encoding","date":"Fri, 12 Feb 2021 17:40:36 GMT","server":"ESF","cache-control":"private","x-xss-protection":"0","x-frame-options":"SAMEORIGIN","x-content-type-options":"nosniff","alt-svc":"h3-29=\":443\"; ma=2592000,h3-T051=\":443\"; ma=2592000,h3-Q050=\":443\"; ma=2592000,h3-Q046=\":443\"; ma=2592000,h3-Q043=\":443\"; ma=2592000,quic=\":443\"; ma=2592000; v=\"46,43\"","accept-ranges":"none","transfer-encoding":"chunked"}
[debug] [2021-02-12T17:39:58.273Z] <<< HTTP RESPONSE 200 {"content-type":"application/json; charset=UTF-8","vary":"X-Origin, Referer, Origin,Accept-Encoding","date":"Fri, 12 Feb 2021 17:40:36 GMT","server":"ESF","cache-control":"private","x-xss-protection":"0","x-frame-options":"SAMEORIGIN","x-content-type-options":"nosniff","alt-svc":"h3-29=\":443\"; ma=2592000,h3-T051=\":443\"; ma=2592000,h3-Q050=\":443\"; ma=2592000,h3-Q046=\":443\"; ma=2592000,h3-Q043=\":443\"; ma=2592000,quic=\":443\"; ma=2592000; v=\"46,43\"","accept-ranges":"none","transfer-encoding":"chunked"}
[debug] [2021-02-12T17:40:00.177Z] >>> HTTP REQUEST GET https://cloudfunctions.googleapis.com/v1/operations/ZGltZWxvLXZpcC1jb2wvdXMtY2VudHJhbDEvYXBpLW9uTGVhZGVyc0NoYW5nZS9MUUtZNXJmdkI0bw  
 
[debug] [2021-02-12T17:40:00.286Z] >>> HTTP REQUEST GET https://cloudfunctions.googleapis.com/v1/operations/ZGltZWxvLXZpcC1jb2wvdXMtY2VudHJhbDEvYXBpLW9uVXNlckNyZWF0ZS9wa25qSC1TVlFaNA  
 
